<?xml version="1.0" encoding="UTF-8"?>
<testsuite name="User Login with valid username and password" tests="6" skipped="0" failures="0" errors="0" timestamp="2020-07-20T03:56:30" hostname="LAPTOP-41OO5CKO" time="9.112">
  <properties/>
  <testcase name="User open login page bukalapak" classname="User Login with valid username and password" time="7.404"/>
  <testcase name="User input email &quot;fanikim00@gmail.com&quot; on email field" classname="User Login with valid username and password" time="0.741"/>
  <testcase name="User input password &quot;P@ssw0rd&quot; on password field" classname="User Login with valid username and password" time="0.135"/>
  <testcase name="User click Login on login page" classname="User Login with valid username and password" time="0.123"/>
  <testcase name="User is on Homepage" classname="User Login with valid username and password" time="0.001"/>
  <testcase name="classMethod" classname="User Login with valid username and password" time="16.523"/>
  <system-out><![CDATA[
@Web @Login
Scenario: User Login with valid username and password        ?[90m# src/test/resources/features/WebsiteBukalapak.feature:5?[0m
]]></system-out>
  <system-err><![CDATA[Starting ChromeDriver 84.0.4147.30 (48b3e868b4cc0aa7e8149519690b6f6949e110a8-refs/branch-heads/4147@{#310}) on port 22559
Only local connections are allowed.
Please see https://chromedriver.chromium.org/security-considerations for suggestions on keeping ChromeDriver safe.
ChromeDriver was started successfully.
Jul 20, 2020 12:56:28 PM org.openqa.selenium.remote.ProtocolHandshake createSession
INFO: Detected dialect: W3C
]]></system-err>
</testsuite>
