<?xml version="1.0" encoding="UTF-8"?>
<testsuite name="project.CucumberRunner" tests="0" skipped="0" failures="0" errors="0" timestamp="1970-01-01T00:00:00" hostname="LAPTOP-41OO5CKO" time="0.0">
  <properties/>
  <system-out><![CDATA[  ?[32mGiven ?[0m?[32mUser open login page bukalapak?[0m                       ?[90m# project.steps_definition.WebsiteBukalapakSteps.userOpenLoginPageBukalapak()?[0m
  ?[32mWhen ?[0m?[32mUser input email ?[0m?[32m?[1m"fanikim00@gmail.com"?[0m?[32m on email field?[0m ?[90m# project.steps_definition.WebsiteBukalapakSteps.userInputEmailOnEmailField(java.lang.String)?[0m
  ?[32mAnd ?[0m?[32mUser input password ?[0m?[32m?[1m"P@ssw0rd"?[0m?[32m on password field?[0m       ?[90m# project.steps_definition.WebsiteBukalapakSteps.userInputPasswordOnPasswordField(java.lang.String)?[0m
  ?[32mAnd ?[0m?[32mUser click Login on login page?[0m                         ?[90m# project.steps_definition.WebsiteBukalapakSteps.userClickLoginOnLoginPage()?[0m
  ?[32mThen ?[0m?[32mUser is on Homepage?[0m                                   ?[90m# project.steps_definition.WebsiteBukalapakSteps.userIsOnHomepage()?[0m

1 Scenarios (?[32m1 passed?[0m)
5 Steps (?[32m5 passed?[0m)
0m16.530s


]]></system-out>
  <system-err><![CDATA[Jul 20, 2020 12:56:22 PM io.cucumber.core.options.CucumberPropertiesParser parse
WARNING: Passing commandline options via the property `cucumber.options` has been deprecatedin favour of explicitly using property names.
Please use these instead: [cucumber.ansi-colors.disabled, cucumber.execution.dry-run, cucumber.execution.limit, cucumber.execution.order, cucumber.execution.strict, cucumber.execution.wip, cucumber.features, cucumber.filter.name, cucumber.filter.tags, cucumber.glue, cucumber.object-factory, cucumber.plugin, cucumber.snippet-type]
Jul 20, 2020 12:56:22 PM io.cucumber.junit.Cucumber <init>
WARNING: By default Cucumber is running in --non-strict mode.
This default will change to --strict and --non-strict will be removed.
You can use --strict or @CucumberOptions(strict = true) to suppress this warning
]]></system-err>
</testsuite>
